e:\projects\машграф\проект\mashgraph\mashgraph\x64\debug\vc142.pdb
e:\projects\машграф\проект\mashgraph\mashgraph\x64\debug\vc142.idb
e:\projects\машграф\проект\mashgraph\mashgraph\x64\debug\texture.obj
e:\projects\машграф\проект\mashgraph\mashgraph\x64\debug\stb_image.obj
e:\projects\машграф\проект\mashgraph\mashgraph\x64\debug\shader.obj
e:\projects\машграф\проект\mashgraph\mashgraph\x64\debug\object.obj
e:\projects\машграф\проект\mashgraph\mashgraph\x64\debug\main.obj
e:\projects\машграф\проект\mashgraph\mashgraph\x64\debug\global.obj
e:\projects\машграф\проект\mashgraph\mashgraph\x64\debug\camera.obj
e:\projects\машграф\проект\mashgraph\mashgraph\x64\debug\glad.obj
e:\projects\машграф\проект\mashgraph\mashgraph\x64\debug\framebuffer.obj
e:\projects\машграф\проект\mashgraph\x64\debug\mashgraph.exe
e:\projects\машграф\проект\mashgraph\x64\debug\mashgraph.ilk
e:\projects\машграф\проект\mashgraph\x64\debug\mashgraph.pdb
e:\projects\машграф\проект\mashgraph\mashgraph\x64\debug\mashgraph.tlog\cl.command.1.tlog
e:\projects\машграф\проект\mashgraph\mashgraph\x64\debug\mashgraph.tlog\cl.read.1.tlog
e:\projects\машграф\проект\mashgraph\mashgraph\x64\debug\mashgraph.tlog\cl.write.1.tlog
e:\projects\машграф\проект\mashgraph\mashgraph\x64\debug\mashgraph.tlog\link.command.1.tlog
e:\projects\машграф\проект\mashgraph\mashgraph\x64\debug\mashgraph.tlog\link.read.1.tlog
e:\projects\машграф\проект\mashgraph\mashgraph\x64\debug\mashgraph.tlog\link.write.1.tlog
